2015-02-10 08:59:50.089+0000 INFO  [org.neo4j]: WARNING! You are using an unsupported Java runtime. Please use Oracle(R) Java(TM) Runtime Environment 7.
2015-02-10 08:59:50.245+0000 INFO  [org.neo4j]: --- INITIALIZED diagnostics START ---
2015-02-10 08:59:50.246+0000 INFO  [org.neo4j]: Neo4j Kernel properties:
    neostore.propertystore.db.mapped_memory=471M
    neostore.nodestore.db.mapped_memory=130M
    neostore.relationshipstore.db.mapped_memory=577M
    neostore.propertystore.db.strings.mapped_memory=400M
    store_dir=nanocora.db
    neostore.propertystore.db.arrays.mapped_memory=454M
    ephemeral=false
2015-02-10 08:59:50.253+0000 INFO  [org.neo4j]: Diagnostics providers:
    org.neo4j.kernel.configuration.Config
    org.neo4j.kernel.info.DiagnosticsManager
    SYSTEM_MEMORY
    JAVA_MEMORY
    OPERATING_SYSTEM
    JAVA_VIRTUAL_MACHINE
    CLASSPATH
    LIBRARY_PATH
    SYSTEM_PROPERTIES
    LINUX_SCHEDULERS
    NETWORK
2015-02-10 08:59:50.273+0000 INFO  [org.neo4j]: System memory information:
    Total Physical memory: 5,69 GB
    Free Physical memory: 1,96 GB
    Committed virtual memory: 2,48 GB
    Total swap space: 5,00 GB
    Free swap space: 5,00 GB
2015-02-10 08:59:50.280+0000 INFO  [org.neo4j]: JVM memory information:
    Free  memory: 75,24 MB
    Total memory: 87,50 MB
    Max   memory: 1,27 GB
    Garbage Collector: PS Scavenge: [PS Eden Space, PS Survivor Space]
    Garbage Collector: PS MarkSweep: [PS Eden Space, PS Survivor Space, PS Old Gen, PS Perm Gen]
    Memory Pool: Code Cache (Non-heap memory): committed=2,44 MB, used=450,06 kB, max=48,00 MB, threshold=0,00 B
    Memory Pool: PS Eden Space (Heap memory): committed=23,50 MB, used=12,26 MB, max=479,00 MB, threshold=?
    Memory Pool: PS Survivor Space (Heap memory): committed=3,50 MB, used=0,00 B, max=3,50 MB, threshold=?
    Memory Pool: PS Old Gen (Heap memory): committed=60,50 MB, used=0,00 B, max=972,00 MB, threshold=0,00 B
    Memory Pool: PS Perm Gen (Non-heap memory): committed=21,00 MB, used=6,47 MB, max=166,00 MB, threshold=0,00 B
2015-02-10 08:59:50.287+0000 INFO  [org.neo4j]: Operating system information:
    Operating System: Linux; version: 3.13.0-34-generic; arch: amd64; cpus: 2
    Max number of file descriptors: 4096
    Number of open file descriptors: 31
    Process id: 28267@jupiter-3
    Byte order: LITTLE_ENDIAN
    Local timezone: Europe/Stockholm
2015-02-10 08:59:50.302+0000 INFO  [org.neo4j]: JVM information:
    VM Name: OpenJDK 64-Bit Server VM
    VM Vendor: Oracle Corporation
    VM Version: 24.65-b04
    JIT compiler: HotSpot 64-Bit Tiered Compilers
    VM Arguments: [-Dfile.encoding=UTF-8]
2015-02-10 08:59:50.304+0000 INFO  [org.neo4j]: Java classpath:
     [loader.1] file:/usr/lib/jvm/java-7-openjdk-amd64/jre/lib/ext/libatk-wrapper.so
     [classpath + loader.0] file:/h/d5/a/dat11sse/Documents/eda216/lab4b/workspace/neo-lib/neo4j-cypher-2.0.0-M05.jar
     [bootstrap] /usr/lib/jvm/java-7-openjdk-amd64/jre/lib/jce.jar
     [loader.1] file:/usr/lib/jvm/java-7-openjdk-amd64/jre/lib/ext/dnsns.jar
     [bootstrap] /usr/lib/jvm/java-7-openjdk-amd64/jre/lib/charsets.jar
     [classpath + loader.0] file:/h/d5/a/dat11sse/Documents/eda216/lab4b/workspace/neo-lib/server-api-2.0.0-M05.jar
     [classpath + loader.0] file:/h/d5/a/dat11sse/Documents/eda216/lab4b/workspace/neo-lib/geronimo-jta_1.1_spec-1.1.1.jar
     [classpath + loader.0] file:/h/d5/a/dat11sse/Documents/eda216/lab4b/workspace/neo-lib/neo4j-jmx-2.0.0-M05.jar
     [bootstrap] /usr/lib/jvm/java-7-openjdk-amd64/jre/lib/jsse.jar
     [bootstrap] /usr/lib/jvm/java-7-openjdk-amd64/jre/lib/sunrsasign.jar
     [bootstrap] /usr/lib/jvm/java-7-openjdk-amd64/jre/lib/rhino.jar
     [loader.1] file:/usr/lib/jvm/java-7-openjdk-amd64/jre/lib/ext/zipfs.jar
     [loader.1] file:/usr/lib/jvm/java-7-openjdk-amd64/jre/lib/ext/sunpkcs11.jar
     [classpath + loader.0] file:/h/d5/a/dat11sse/Documents/eda216/lab4b/workspace/neo-lib/parboiled-scala_2.10-1.1.6.jar
     [loader.1] file:/usr/lib/jvm/java-7-openjdk-amd64/jre/lib/ext/java-atk-wrapper.jar
     [classpath + loader.0] file:/h/d5/a/dat11sse/Documents/eda216/lab4b/workspace/neo-lib/scala-library-2.10.2.jar
     [classpath + loader.0] file:/h/d5/a/dat11sse/Documents/eda216/lab4b/workspace/neo-lib/neo4j-kernel-2.0.0-M05.jar
     [classpath + loader.0] file:/h/d5/a/dat11sse/Documents/eda216/lab4b/workspace/neo-lib/neo4j-shell-2.0.0-M05.jar
     [bootstrap] /usr/lib/jvm/java-7-openjdk-amd64/jre/classes
     [classpath + loader.0] file:/h/d5/a/dat11sse/Documents/eda216/lab4b/workspace/neo-lib/lucene-core-3.6.2.jar
     [classpath + loader.0] file:/h/d5/a/dat11sse/Documents/eda216/lab4b/workspace/neo-lib/neo4j-graph-matching-2.0.0-M05.jar
     [bootstrap] /usr/lib/jvm/java-7-openjdk-amd64/jre/lib/jfr.jar
     [classpath + loader.0] file:/h/d5/a/dat11sse/Documents/eda216/lab4b/workspace/jackson/jackson-all-1.9.11.jar
     [classpath + loader.0] file:/h/d5/a/dat11sse/Documents/eda216/lab4b/workspace/neo-lib/neo4j-udc-2.0.0-M05.jar
     [bootstrap] /usr/lib/jvm/java-7-openjdk-amd64/jre/lib/rt.jar
     [bootstrap] /usr/lib/jvm/java-7-openjdk-amd64/jre/lib/resources.jar
     [classpath + loader.0] file:/h/d5/a/dat11sse/Documents/eda216/lab4b/workspace/neo-lib/parboiled-core-1.1.6.jar
     [classpath + loader.0] file:/h/d5/a/dat11sse/Documents/eda216/lab4b/workspace/neo-lib/org.apache.servicemix.bundles.jline-0.9.94_1.jar
     [classpath + loader.0] file:/h/d5/a/dat11sse/Documents/eda216/lab4b/workspace/cora/bin/
     [classpath + loader.0] file:/h/d5/a/dat11sse/Documents/eda216/lab4b/workspace/neo-lib/neo4j-lucene-index-2.0.0-M05.jar
     [classpath + loader.0] file:/h/d5/a/dat11sse/Documents/eda216/lab4b/workspace/neo-lib/concurrentlinkedhashmap-lru-1.3.1.jar
     [classpath + loader.0] file:/h/d5/a/dat11sse/Documents/eda216/lab4b/workspace/jersey/jersey-bundle-1.17.1.jar
     [loader.1] file:/usr/lib/jvm/java-7-openjdk-amd64/jre/lib/ext/pulse-java.jar
     [classpath + loader.0] file:/h/d5/a/dat11sse/Documents/eda216/lab4b/workspace/neo-rest-graphdb/neo4j-rest-graphdb-2.0.0-20130719.090126-7.jar
     [loader.1] file:/usr/lib/jvm/java-7-openjdk-amd64/jre/lib/ext/sunjce_provider.jar
     [loader.1] file:/usr/lib/jvm/java-7-openjdk-amd64/jre/lib/ext/localedata.jar
     [classpath + loader.0] file:/h/d5/a/dat11sse/Documents/eda216/lab4b/workspace/neo-lib/neo4j-graph-algo-2.0.0-M05.jar
2015-02-10 08:59:50.309+0000 INFO  [org.neo4j]: Library path:
    /usr/java/packages/lib/amd64
    /usr/lib/x86_64-linux-gnu/jni
    /lib/x86_64-linux-gnu
    /usr/lib/x86_64-linux-gnu
    /usr/lib/jni
    /lib
    /usr/lib
2015-02-10 08:59:50.310+0000 INFO  [org.neo4j]: System.properties:
    sun.boot.library.path = /usr/lib/jvm/java-7-openjdk-amd64/jre/lib/amd64
    user.country.format = SE
    path.separator = :
    file.encoding.pkg = sun.io
    user.country = US
    sun.java.launcher = SUN_STANDARD
    sun.os.patch.level = unknown
    user.dir = /h/d5/a/dat11sse/Documents/eda216/lab4b/workspace/cora
    sun.jnu.encoding = UTF-8
    sun.management.compiler = HotSpot 64-Bit Tiered Compilers
    user.home = /h/d5/a/dat11sse
    user.timezone = Europe/Stockholm
    file.encoding = UTF-8
    user.name = dat11sse
    sun.java.command = nanocora.PopulateNanoCora
    sun.arch.data.model = 64
    user.language = en
    user.language.format = sv
    awt.toolkit = sun.awt.X11.XToolkit
    file.separator = /
    sun.io.unicode.encoding = UnicodeLittle
    sun.cpu.endian = little
    sun.cpu.isalist = 
2015-02-10 08:59:50.312+0000 INFO  [org.neo4j]: Linux scheduler information:
    noop [deadline] cfq 
    noop [deadline] cfq 
    noop [deadline] cfq 
    noop [deadline] cfq 
    noop [deadline] cfq 
    noop [deadline] cfq 
    noop [deadline] cfq 
    none
    none
    none
    none
    none
    none
    none
    none
    none
    none
    none
    none
    none
    none
    none
    none
    none
    none
    none
    none
    none
    none
    none
    none
2015-02-10 08:59:50.321+0000 INFO  [org.neo4j]: Network information:
    Interface eth0:
        address: fe80:0:0:0:224:81ff:fe95:bda2%2
        address: 130.235.35.223
    Interface lo:
        address: 0:0:0:0:0:0:0:1%1
        address: 127.0.0.1
2015-02-10 08:59:50.324+0000 INFO  [org.neo4j]: --- INITIALIZED diagnostics END ---
2015-02-10 08:59:50.505+0000 INFO  [org.neo4j]: Creating new db @ nanocora.db/neostore
2015-02-10 08:59:50.546+0000 INFO  [org.neo4j]: [nanocora.db/neostore.nodestore.db.labels] brickCount=0 brickSize=0b mappedMem=0b (storeSize=68b)
2015-02-10 08:59:50.552+0000 INFO  [org.neo4j]: [nanocora.db/neostore.nodestore.db] brickCount=0 brickSize=1363138b mappedMem=136314880b (storeSize=0b)
2015-02-10 08:59:50.561+0000 INFO  [org.neo4j]: nanocora.db/neostore.nodestore.db.labels hit=0 miss=0 switches=0 ooe=0
2015-02-10 08:59:50.603+0000 INFO  [org.neo4j]: nanocora.db/neostore.nodestore.db hit=1 miss=0 switches=0 ooe=0
2015-02-10 08:59:50.647+0000 INFO  [org.neo4j]: [nanocora.db/neostore.relationshiptypestore.db.names] brickCount=0 brickSize=0b mappedMem=0b (storeSize=38b)
2015-02-10 08:59:50.656+0000 INFO  [org.neo4j]: [nanocora.db/neostore.relationshiptypestore.db] brickCount=0 brickSize=0b mappedMem=0b (storeSize=0b)
2015-02-10 08:59:50.657+0000 INFO  [org.neo4j]: nanocora.db/neostore.relationshiptypestore.db.names hit=0 miss=0 switches=0 ooe=0
2015-02-10 08:59:50.660+0000 INFO  [org.neo4j]: nanocora.db/neostore.relationshiptypestore.db hit=0 miss=0 switches=0 ooe=0
2015-02-10 08:59:50.676+0000 INFO  [org.neo4j]: [nanocora.db/neostore.labeltokenstore.db.names] brickCount=0 brickSize=0b mappedMem=0b (storeSize=38b)
2015-02-10 08:59:50.682+0000 INFO  [org.neo4j]: [nanocora.db/neostore.labeltokenstore.db] brickCount=0 brickSize=0b mappedMem=0b (storeSize=0b)
2015-02-10 08:59:50.682+0000 INFO  [org.neo4j]: nanocora.db/neostore.labeltokenstore.db.names hit=0 miss=0 switches=0 ooe=0
2015-02-10 08:59:50.685+0000 INFO  [org.neo4j]: nanocora.db/neostore.labeltokenstore.db hit=0 miss=0 switches=0 ooe=0
2015-02-10 08:59:50.700+0000 INFO  [org.neo4j]: [nanocora.db/neostore.relationshiptypestore.db.names] brickCount=0 brickSize=0b mappedMem=0b (storeSize=38b)
2015-02-10 08:59:50.704+0000 INFO  [org.neo4j]: [nanocora.db/neostore.relationshiptypestore.db] brickCount=0 brickSize=0b mappedMem=0b (storeSize=0b)
2015-02-10 08:59:50.708+0000 INFO  [org.neo4j]: [nanocora.db/neostore.labeltokenstore.db.names] brickCount=0 brickSize=0b mappedMem=0b (storeSize=38b)
2015-02-10 08:59:50.712+0000 INFO  [org.neo4j]: [nanocora.db/neostore.labeltokenstore.db] brickCount=0 brickSize=0b mappedMem=0b (storeSize=0b)
2015-02-10 08:59:50.716+0000 INFO  [org.neo4j]: [nanocora.db/neostore.propertystore.db.strings] brickCount=0 brickSize=419328b mappedMem=419430400b (storeSize=128b)
2015-02-10 08:59:50.720+0000 INFO  [org.neo4j]: [nanocora.db/neostore.propertystore.db.index.keys] brickCount=0 brickSize=0b mappedMem=0b (storeSize=38b)
2015-02-10 08:59:50.725+0000 INFO  [org.neo4j]: [nanocora.db/neostore.propertystore.db.index] brickCount=0 brickSize=0b mappedMem=0b (storeSize=0b)
2015-02-10 08:59:50.729+0000 INFO  [org.neo4j]: [nanocora.db/neostore.propertystore.db.arrays] brickCount=0 brickSize=476032b mappedMem=476053504b (storeSize=128b)
2015-02-10 08:59:50.737+0000 INFO  [org.neo4j]: [nanocora.db/neostore.propertystore.db] brickCount=0 brickSize=4938778b mappedMem=493879296b (storeSize=0b)
2015-02-10 08:59:50.744+0000 INFO  [org.neo4j]: [nanocora.db/neostore.relationshipstore.db] brickCount=0 brickSize=6050253b mappedMem=605028352b (storeSize=0b)
2015-02-10 08:59:50.749+0000 INFO  [org.neo4j]: [nanocora.db/neostore.nodestore.db.labels] brickCount=0 brickSize=0b mappedMem=0b (storeSize=68b)
2015-02-10 08:59:50.753+0000 INFO  [org.neo4j]: [nanocora.db/neostore.nodestore.db] brickCount=0 brickSize=136304b mappedMem=136314880b (storeSize=14b)
2015-02-10 08:59:50.756+0000 INFO  [org.neo4j]: [nanocora.db/neostore.schemastore.db] brickCount=0 brickSize=0b mappedMem=0b (storeSize=64b)
2015-02-10 08:59:50.763+0000 INFO  [org.neo4j]: [nanocora.db/neostore] brickCount=0 brickSize=0b mappedMem=0b (storeSize=0b)
2015-02-10 08:59:50.770+0000 INFO  [org.neo4j]: nanocora.db/neostore.relationshiptypestore.db.names hit=0 miss=0 switches=0 ooe=0
2015-02-10 08:59:50.773+0000 INFO  [org.neo4j]: nanocora.db/neostore.relationshiptypestore.db hit=0 miss=0 switches=0 ooe=0
2015-02-10 08:59:50.776+0000 INFO  [org.neo4j]: nanocora.db/neostore.labeltokenstore.db.names hit=0 miss=0 switches=0 ooe=0
2015-02-10 08:59:50.778+0000 INFO  [org.neo4j]: nanocora.db/neostore.labeltokenstore.db hit=0 miss=0 switches=0 ooe=0
2015-02-10 08:59:50.782+0000 INFO  [org.neo4j]: nanocora.db/neostore.propertystore.db.strings hit=0 miss=0 switches=0 ooe=0
2015-02-10 08:59:50.785+0000 INFO  [org.neo4j]: nanocora.db/neostore.propertystore.db.index.keys hit=0 miss=0 switches=0 ooe=0
2015-02-10 08:59:50.788+0000 INFO  [org.neo4j]: nanocora.db/neostore.propertystore.db.index hit=0 miss=0 switches=0 ooe=0
2015-02-10 08:59:50.791+0000 INFO  [org.neo4j]: nanocora.db/neostore.propertystore.db.arrays hit=0 miss=0 switches=0 ooe=0
2015-02-10 08:59:50.794+0000 INFO  [org.neo4j]: nanocora.db/neostore.propertystore.db hit=0 miss=0 switches=0 ooe=0
2015-02-10 08:59:50.798+0000 INFO  [org.neo4j]: nanocora.db/neostore.relationshipstore.db hit=0 miss=0 switches=0 ooe=0
2015-02-10 08:59:50.801+0000 INFO  [org.neo4j]: nanocora.db/neostore.nodestore.db.labels hit=0 miss=0 switches=0 ooe=0
2015-02-10 08:59:50.804+0000 INFO  [org.neo4j]: nanocora.db/neostore.nodestore.db hit=0 miss=0 switches=0 ooe=0
2015-02-10 08:59:50.807+0000 INFO  [org.neo4j]: nanocora.db/neostore.schemastore.db hit=0 miss=0 switches=0 ooe=0
2015-02-10 08:59:50.810+0000 INFO  [org.neo4j]: nanocora.db/neostore hit=0 miss=8 switches=0 ooe=0
2015-02-10 08:59:50.824+0000 INFO  [org.neo4j]: [nanocora.db/neostore.relationshiptypestore.db.names] brickCount=0 brickSize=0b mappedMem=0b (storeSize=38b)
2015-02-10 08:59:50.829+0000 INFO  [org.neo4j]: [nanocora.db/neostore.relationshiptypestore.db] brickCount=0 brickSize=0b mappedMem=0b (storeSize=0b)
2015-02-10 08:59:50.834+0000 INFO  [org.neo4j]: [nanocora.db/neostore.labeltokenstore.db.names] brickCount=0 brickSize=0b mappedMem=0b (storeSize=38b)
2015-02-10 08:59:50.838+0000 INFO  [org.neo4j]: [nanocora.db/neostore.labeltokenstore.db] brickCount=0 brickSize=0b mappedMem=0b (storeSize=0b)
2015-02-10 08:59:50.841+0000 INFO  [org.neo4j]: [nanocora.db/neostore.propertystore.db.strings] brickCount=0 brickSize=419328b mappedMem=419430400b (storeSize=128b)
2015-02-10 08:59:50.846+0000 INFO  [org.neo4j]: [nanocora.db/neostore.propertystore.db.index.keys] brickCount=0 brickSize=0b mappedMem=0b (storeSize=38b)
2015-02-10 08:59:50.850+0000 INFO  [org.neo4j]: [nanocora.db/neostore.propertystore.db.index] brickCount=0 brickSize=0b mappedMem=0b (storeSize=0b)
2015-02-10 08:59:50.854+0000 INFO  [org.neo4j]: [nanocora.db/neostore.propertystore.db.arrays] brickCount=0 brickSize=476032b mappedMem=476053504b (storeSize=128b)
2015-02-10 08:59:50.857+0000 INFO  [org.neo4j]: [nanocora.db/neostore.propertystore.db] brickCount=0 brickSize=4938778b mappedMem=493879296b (storeSize=0b)
2015-02-10 08:59:50.861+0000 INFO  [org.neo4j]: [nanocora.db/neostore.relationshipstore.db] brickCount=0 brickSize=6050253b mappedMem=605028352b (storeSize=0b)
2015-02-10 08:59:50.865+0000 INFO  [org.neo4j]: [nanocora.db/neostore.nodestore.db.labels] brickCount=0 brickSize=0b mappedMem=0b (storeSize=68b)
2015-02-10 08:59:50.868+0000 INFO  [org.neo4j]: [nanocora.db/neostore.nodestore.db] brickCount=0 brickSize=136304b mappedMem=136314880b (storeSize=14b)
2015-02-10 08:59:50.872+0000 INFO  [org.neo4j]: [nanocora.db/neostore.schemastore.db] brickCount=0 brickSize=0b mappedMem=0b (storeSize=64b)
2015-02-10 08:59:50.879+0000 INFO  [org.neo4j]: [nanocora.db/neostore] brickCount=0 brickSize=0b mappedMem=0b (storeSize=54b)
2015-02-10 08:59:50.965+0000 INFO  [org.neo4j]: No lucene scan store index found, this might just be first use. Preparing to rebuild.
2015-02-10 08:59:51.068+0000 ERROR [org.neo4j]: Corrupt lucene scan store index found. Preparing to rebuild. no segments* file found in org.apache.lucene.store.MMapDirectory@/h/d5/a/dat11sse/Documents/eda216/lab4b/workspace/cora/nanocora.db/schema/label/lucene lockFactory=org.apache.lucene.store.NativeFSLockFactory@7b7597b6: files: []
org.apache.lucene.index.IndexNotFoundException: no segments* file found in org.apache.lucene.store.MMapDirectory@/h/d5/a/dat11sse/Documents/eda216/lab4b/workspace/cora/nanocora.db/schema/label/lucene lockFactory=org.apache.lucene.store.NativeFSLockFactory@7b7597b6: files: []
	at org.apache.lucene.index.SegmentInfos$FindSegmentsFile.run(SegmentInfos.java:667)
	at org.apache.lucene.index.DirectoryReader.open(DirectoryReader.java:72)
	at org.apache.lucene.index.IndexReader.open(IndexReader.java:256)
	at org.neo4j.kernel.api.impl.index.LuceneLabelScanStore.init(LuceneLabelScanStore.java:288)
	at org.neo4j.kernel.lifecycle.LifeSupport$LifecycleInstance.init(LifeSupport.java:474)
	at org.neo4j.kernel.lifecycle.LifeSupport.init(LifeSupport.java:72)
	at org.neo4j.kernel.impl.nioneo.xa.NeoStoreXaDataSource.start(NeoStoreXaDataSource.java:331)
	at org.neo4j.kernel.lifecycle.LifeSupport$LifecycleInstance.start(LifeSupport.java:498)
	at org.neo4j.kernel.lifecycle.LifeSupport.start(LifeSupport.java:115)
	at org.neo4j.kernel.impl.transaction.XaDataSourceManager.start(XaDataSourceManager.java:165)
	at org.neo4j.kernel.lifecycle.LifeSupport$LifecycleInstance.start(LifeSupport.java:498)
	at org.neo4j.kernel.lifecycle.LifeSupport.start(LifeSupport.java:115)
	at org.neo4j.kernel.InternalAbstractGraphDatabase.run(InternalAbstractGraphDatabase.java:300)
	at org.neo4j.kernel.EmbeddedGraphDatabase.<init>(EmbeddedGraphDatabase.java:100)
	at org.neo4j.graphdb.factory.GraphDatabaseFactory$1.newDatabase(GraphDatabaseFactory.java:92)
	at org.neo4j.graphdb.factory.GraphDatabaseBuilder.newGraphDatabase(GraphDatabaseBuilder.java:197)
	at org.neo4j.graphdb.factory.GraphDatabaseFactory.newEmbeddedDatabase(GraphDatabaseFactory.java:69)
	at nanocora.PopulateNanoCora.main(PopulateNanoCora.java:28)
2015-02-10 08:59:51.229+0000 INFO  [org.neo4j]: Opened logical log [nanocora.db/nioneo_logical.log.1] version=0, lastTxId=1 (clean)
2015-02-10 08:59:51.234+0000 INFO  [org.neo4j]: Rebuilding lucene scan store, this may take a while
2015-02-10 08:59:51.242+0000 INFO  [org.neo4j]: Lucene scan store rebuilt (roughly 0 nodes)
2015-02-10 08:59:51.253+0000 INFO  [org.neo4j]: TM new log: tm_tx_log.1
2015-02-10 08:59:51.283+0000 INFO  [org.neo4j]: Opened logical log [nanocora.db/index/lucene.log.1] version=0, lastTxId=1 (clean)
2015-02-10 08:59:51.311+0000 INFO  [org.neo4j]: --- STARTED diagnostics for KernelDiagnostics:Versions START ---
2015-02-10 08:59:51.311+0000 INFO  [org.neo4j]: Graph Database: org.neo4j.kernel.EmbeddedGraphDatabase StoreId[time:1423558790506, id:-626427902790866667, store version: 13843131341501958]
2015-02-10 08:59:51.311+0000 INFO  [org.neo4j]: Kernel version: Neo4j - Graph Database Kernel 2.0.0-M05
2015-02-10 08:59:51.311+0000 INFO  [org.neo4j]: Neo4j component versions:
2015-02-10 08:59:51.312+0000 INFO  [org.neo4j]:   Neo4j - Graph Database Kernel 2.0.0-M05
2015-02-10 08:59:51.313+0000 INFO  [org.neo4j]: --- STARTED diagnostics for KernelDiagnostics:Versions END ---
2015-02-10 08:59:51.315+0000 INFO  [org.neo4j]: --- STARTED diagnostics for NEO_STORE_VERSIONS START ---
2015-02-10 08:59:51.315+0000 INFO  [org.neo4j]: Store versions:
    Store versions:
      NeoStore v0.A.1
      SchemaStore v0.A.1
      NodeStore v0.A.1
      RelationshipStore v0.A.1
      RelationshipTypeStore v0.A.1
      LabelTokenStore v0.A.1
      PropertyStore v0.A.1
      PropertyIndexStore v0.A.1
      StringPropertyStore v0.A.1
      ArrayPropertyStore v0.A.1
2015-02-10 08:59:51.317+0000 INFO  [org.neo4j]: --- STARTED diagnostics for NEO_STORE_VERSIONS END ---
2015-02-10 08:59:51.317+0000 INFO  [org.neo4j]: --- STARTED diagnostics for NEO_STORE_ID_USAGE START ---
2015-02-10 08:59:51.317+0000 INFO  [org.neo4j]: Id usage:
    Id usage:
      SchemaStore: used=1 high=0
      NodeStore: used=1 high=0
      RelationshipStore: used=0 high=-1
      RelationshipTypeStore: used=0 high=-1
      LabelTokenStore: used=0 high=-1
      PropertyStore: used=0 high=-1
      PropertyIndexStore: used=0 high=-1
      StringPropertyStore: used=1 high=0
      ArrayPropertyStore: used=1 high=0
2015-02-10 08:59:51.319+0000 INFO  [org.neo4j]: --- STARTED diagnostics for NEO_STORE_ID_USAGE END ---
2015-02-10 08:59:51.320+0000 INFO  [org.neo4j]: --- STARTED diagnostics for PERSISTENCE_WINDOW_POOL_STATS START ---
2015-02-10 08:59:51.320+0000 INFO  [org.neo4j]: --- STARTED diagnostics for PERSISTENCE_WINDOW_POOL_STATS END ---
2015-02-10 08:59:51.320+0000 INFO  [org.neo4j]: --- STARTED diagnostics for KernelDiagnostics:StoreFiles START ---
2015-02-10 08:59:51.321+0000 INFO  [org.neo4j]: Disk space on partition (Total / Free / Free %): 787434504192 / 553813508096 / 70
Storage files: (filename : modification date - size)
      neostore: 2015-02-10T09:59:50+0100 - 54,00 B
      neostore.relationshipstore.db.id: 2015-02-10T09:59:50+0100 - 9,00 B
      neostore.propertystore.db.strings.id: 2015-02-10T09:59:50+0100 - 9,00 B
      neostore.nodestore.db.labels: 2015-02-10T09:59:50+0100 - 68,00 B
      messages.log: 2015-02-10T09:59:51+0100 - 20,00 kB
      neostore.labeltokenstore.db.id: 2015-02-10T09:59:50+0100 - 9,00 B
      index:
        lucene.log.active: 2015-02-10T09:59:51+0100 - 4,00 B
        lucene-store.db: 2015-02-10T09:59:51+0100 - 40,00 B
        lucene.log.1: 2015-02-10T09:59:51+0100 - 16,00 B
      - Total: 2015-02-10T09:59:51+0100 - 60,00 B
      neostore.relationshiptypestore.db.names: 2015-02-10T09:59:50+0100 - 38,00 B
      neostore.propertystore.db.arrays.id: 2015-02-10T09:59:50+0100 - 9,00 B
      schema:
        label:
          lucene:
            write.lock: 2015-02-10T09:59:51+0100 - 0,00 B
          - Total: 2015-02-10T09:59:51+0100 - 0,00 B
        - Total: 2015-02-10T09:59:51+0100 - 0,00 B
      - Total: 2015-02-10T09:59:50+0100 - 0,00 B
      neostore.propertystore.db: 2015-02-10T09:59:50+0100 - 0,00 B
      neostore.id: 2015-02-10T09:59:50+0100 - 9,00 B
      neostore.propertystore.db.index: 2015-02-10T09:59:50+0100 - 0,00 B
      nioneo_logical.log.1: 2015-02-10T09:59:51+0100 - 16,00 B
      neostore.labeltokenstore.db.names.id: 2015-02-10T09:59:50+0100 - 9,00 B
      neostore.propertystore.db.id: 2015-02-10T09:59:50+0100 - 9,00 B
      nioneo_logical.log.active: 2015-02-10T09:59:51+0100 - 4,00 B
      neostore.propertystore.db.index.keys: 2015-02-10T09:59:50+0100 - 38,00 B
      neostore.nodestore.db.id: 2015-02-10T09:59:50+0100 - 9,00 B
      neostore.relationshiptypestore.db.names.id: 2015-02-10T09:59:50+0100 - 9,00 B
      neostore.schemastore.db: 2015-02-10T09:59:50+0100 - 64,00 B
      store_lock: 2015-02-10T09:59:50+0100 - 0,00 B
      neostore.relationshipstore.db: 2015-02-10T09:59:50+0100 - 0,00 B
      neostore.nodestore.db.labels.id: 2015-02-10T09:59:50+0100 - 9,00 B
      neostore.schemastore.db.id: 2015-02-10T09:59:50+0100 - 9,00 B
      neostore.relationshiptypestore.db.id: 2015-02-10T09:59:50+0100 - 9,00 B
      tm_tx_log.1: 2015-02-10T09:59:51+0100 - 0,00 B
      neostore.relationshiptypestore.db: 2015-02-10T09:59:50+0100 - 0,00 B
      active_tx_log: 2015-02-10T09:59:51+0100 - 11,00 B
      lock: 2015-02-10T09:59:50+0100 - 0,00 B
      neostore.propertystore.db.strings: 2015-02-10T09:59:50+0100 - 128,00 B
      neostore.labeltokenstore.db.names: 2015-02-10T09:59:50+0100 - 38,00 B
      neostore.propertystore.db.arrays: 2015-02-10T09:59:50+0100 - 128,00 B
      neostore.propertystore.db.index.keys.id: 2015-02-10T09:59:50+0100 - 9,00 B
      neostore.nodestore.db: 2015-02-10T09:59:51+0100 - 133,11 kB
      neostore.labeltokenstore.db: 2015-02-10T09:59:50+0100 - 0,00 B
      neostore.propertystore.db.index.id: 2015-02-10T09:59:50+0100 - 9,00 B
2015-02-10 08:59:51.349+0000 INFO  [org.neo4j]: --- STARTED diagnostics for KernelDiagnostics:StoreFiles END ---
2015-02-10 08:59:51.373+0000 INFO  [org.neo4j]: Started - database is now available
2015-02-10 08:59:51.378+0000 INFO  [org.neo4j]: GC Monitor started. 
2015-02-10 08:59:51.699+0000 INFO  [org.neo4j]: Shutdown started
2015-02-10 08:59:51.700+0000 INFO  [org.neo4j]: Stopping - database is now unavailable
2015-02-10 08:59:51.701+0000 INFO  [org.neo4j]: GC Monitor stopped. 
2015-02-10 08:59:51.816+0000 INFO  [org.neo4j]: Closed log nanocora.db/index/lucene.log
2015-02-10 08:59:51.826+0000 INFO  [org.neo4j]: TM shutting down
2015-02-10 08:59:51.844+0000 INFO  [org.neo4j]: Closed log nanocora.db/nioneo_logical.log
2015-02-10 08:59:51.848+0000 INFO  [org.neo4j]: nanocora.db/neostore.relationshiptypestore.db.names hit=0 miss=4 switches=0 ooe=0
2015-02-10 08:59:51.851+0000 INFO  [org.neo4j]: nanocora.db/neostore.relationshiptypestore.db hit=0 miss=4 switches=0 ooe=0
2015-02-10 08:59:51.854+0000 INFO  [org.neo4j]: nanocora.db/neostore.labeltokenstore.db.names hit=0 miss=0 switches=0 ooe=0
2015-02-10 08:59:51.857+0000 INFO  [org.neo4j]: nanocora.db/neostore.labeltokenstore.db hit=0 miss=0 switches=0 ooe=0
2015-02-10 08:59:51.860+0000 INFO  [org.neo4j]: nanocora.db/neostore.propertystore.db.strings hit=0 miss=0 switches=0 ooe=0
2015-02-10 08:59:51.863+0000 INFO  [org.neo4j]: nanocora.db/neostore.propertystore.db.index.keys hit=0 miss=6 switches=0 ooe=0
2015-02-10 08:59:51.867+0000 INFO  [org.neo4j]: nanocora.db/neostore.propertystore.db.index hit=0 miss=6 switches=0 ooe=0
2015-02-10 08:59:51.870+0000 INFO  [org.neo4j]: nanocora.db/neostore.propertystore.db.arrays hit=0 miss=0 switches=0 ooe=0
2015-02-10 08:59:51.873+0000 INFO  [org.neo4j]: nanocora.db/neostore.propertystore.db hit=13 miss=0 switches=0 ooe=0
2015-02-10 08:59:51.877+0000 INFO  [org.neo4j]: nanocora.db/neostore.relationshipstore.db hit=15 miss=0 switches=0 ooe=0
2015-02-10 08:59:51.882+0000 INFO  [org.neo4j]: nanocora.db/neostore.nodestore.db.labels hit=0 miss=0 switches=0 ooe=0
2015-02-10 08:59:51.885+0000 INFO  [org.neo4j]: nanocora.db/neostore.nodestore.db hit=14 miss=0 switches=0 ooe=0
2015-02-10 08:59:51.888+0000 INFO  [org.neo4j]: nanocora.db/neostore.schemastore.db hit=0 miss=0 switches=0 ooe=0
2015-02-10 08:59:51.892+0000 INFO  [org.neo4j]: nanocora.db/neostore hit=0 miss=27 switches=0 ooe=0
2015-02-10 08:59:51.896+0000 INFO  [org.neo4j]: NeoStore closed
2015-02-10 08:59:51.897+0000 INFO  [org.neo4j]: --- STOPPING diagnostics START ---
2015-02-10 08:59:51.897+0000 INFO  [org.neo4j]: --- STOPPING diagnostics END ---
2015-02-10 09:12:42.127+0000 INFO  [org.neo4j]: WARNING! You are using an unsupported Java runtime. Please use Oracle(R) Java(TM) Runtime Environment 7.
2015-02-10 09:12:42.247+0000 INFO  [org.neo4j]: --- INITIALIZED diagnostics START ---
2015-02-10 09:12:42.248+0000 INFO  [org.neo4j]: Neo4j Kernel properties:
    neostore.propertystore.db.mapped_memory=471M
    read_only=true
    neostore.nodestore.db.mapped_memory=130M
    neostore.relationshipstore.db.mapped_memory=577M
    neostore.propertystore.db.strings.mapped_memory=400M
    store_dir=nanocora.db
    neostore.propertystore.db.arrays.mapped_memory=454M
    ephemeral=false
2015-02-10 09:12:42.256+0000 INFO  [org.neo4j]: Diagnostics providers:
    org.neo4j.kernel.configuration.Config
    org.neo4j.kernel.info.DiagnosticsManager
    SYSTEM_MEMORY
    JAVA_MEMORY
    OPERATING_SYSTEM
    JAVA_VIRTUAL_MACHINE
    CLASSPATH
    LIBRARY_PATH
    SYSTEM_PROPERTIES
    LINUX_SCHEDULERS
    NETWORK
2015-02-10 09:12:42.258+0000 INFO  [org.neo4j]: System memory information:
    Total Physical memory: 5,69 GB
    Free Physical memory: 2,12 GB
    Committed virtual memory: 2,48 GB
    Total swap space: 5,00 GB
    Free swap space: 5,00 GB
2015-02-10 09:12:42.265+0000 INFO  [org.neo4j]: JVM memory information:
    Free  memory: 75,18 MB
    Total memory: 87,50 MB
    Max   memory: 1,27 GB
    Garbage Collector: PS Scavenge: [PS Eden Space, PS Survivor Space]
    Garbage Collector: PS MarkSweep: [PS Eden Space, PS Survivor Space, PS Old Gen, PS Perm Gen]
    Memory Pool: Code Cache (Non-heap memory): committed=2,44 MB, used=450,44 kB, max=48,00 MB, threshold=0,00 B
    Memory Pool: PS Eden Space (Heap memory): committed=23,50 MB, used=12,32 MB, max=479,00 MB, threshold=?
    Memory Pool: PS Survivor Space (Heap memory): committed=3,50 MB, used=0,00 B, max=3,50 MB, threshold=?
    Memory Pool: PS Old Gen (Heap memory): committed=60,50 MB, used=0,00 B, max=972,00 MB, threshold=0,00 B
    Memory Pool: PS Perm Gen (Non-heap memory): committed=21,00 MB, used=6,48 MB, max=166,00 MB, threshold=0,00 B
2015-02-10 09:12:42.272+0000 INFO  [org.neo4j]: Operating system information:
    Operating System: Linux; version: 3.13.0-34-generic; arch: amd64; cpus: 2
    Max number of file descriptors: 4096
    Number of open file descriptors: 31
    Process id: 30677@jupiter-3
    Byte order: LITTLE_ENDIAN
    Local timezone: Europe/Stockholm
2015-02-10 09:12:42.282+0000 INFO  [org.neo4j]: JVM information:
    VM Name: OpenJDK 64-Bit Server VM
    VM Vendor: Oracle Corporation
    VM Version: 24.65-b04
    JIT compiler: HotSpot 64-Bit Tiered Compilers
    VM Arguments: [-Dfile.encoding=UTF-8]
2015-02-10 09:12:42.283+0000 INFO  [org.neo4j]: Java classpath:
     [loader.1] file:/usr/lib/jvm/java-7-openjdk-amd64/jre/lib/ext/libatk-wrapper.so
     [classpath + loader.0] file:/h/d5/a/dat11sse/Documents/eda216/lab4b/workspace/neo-lib/neo4j-cypher-2.0.0-M05.jar
     [bootstrap] /usr/lib/jvm/java-7-openjdk-amd64/jre/lib/jce.jar
     [loader.1] file:/usr/lib/jvm/java-7-openjdk-amd64/jre/lib/ext/dnsns.jar
     [bootstrap] /usr/lib/jvm/java-7-openjdk-amd64/jre/lib/charsets.jar
     [classpath + loader.0] file:/h/d5/a/dat11sse/Documents/eda216/lab4b/workspace/neo-lib/server-api-2.0.0-M05.jar
     [classpath + loader.0] file:/h/d5/a/dat11sse/Documents/eda216/lab4b/workspace/neo-lib/geronimo-jta_1.1_spec-1.1.1.jar
     [classpath + loader.0] file:/h/d5/a/dat11sse/Documents/eda216/lab4b/workspace/neo-lib/neo4j-jmx-2.0.0-M05.jar
     [bootstrap] /usr/lib/jvm/java-7-openjdk-amd64/jre/lib/jsse.jar
     [bootstrap] /usr/lib/jvm/java-7-openjdk-amd64/jre/lib/sunrsasign.jar
     [bootstrap] /usr/lib/jvm/java-7-openjdk-amd64/jre/lib/rhino.jar
     [loader.1] file:/usr/lib/jvm/java-7-openjdk-amd64/jre/lib/ext/zipfs.jar
     [loader.1] file:/usr/lib/jvm/java-7-openjdk-amd64/jre/lib/ext/sunpkcs11.jar
     [classpath + loader.0] file:/h/d5/a/dat11sse/Documents/eda216/lab4b/workspace/neo-lib/parboiled-scala_2.10-1.1.6.jar
     [loader.1] file:/usr/lib/jvm/java-7-openjdk-amd64/jre/lib/ext/java-atk-wrapper.jar
     [classpath + loader.0] file:/h/d5/a/dat11sse/Documents/eda216/lab4b/workspace/neo-lib/scala-library-2.10.2.jar
     [classpath + loader.0] file:/h/d5/a/dat11sse/Documents/eda216/lab4b/workspace/neo-lib/neo4j-kernel-2.0.0-M05.jar
     [classpath + loader.0] file:/h/d5/a/dat11sse/Documents/eda216/lab4b/workspace/neo-lib/neo4j-shell-2.0.0-M05.jar
     [bootstrap] /usr/lib/jvm/java-7-openjdk-amd64/jre/classes
     [classpath + loader.0] file:/h/d5/a/dat11sse/Documents/eda216/lab4b/workspace/neo-lib/lucene-core-3.6.2.jar
     [classpath + loader.0] file:/h/d5/a/dat11sse/Documents/eda216/lab4b/workspace/neo-lib/neo4j-graph-matching-2.0.0-M05.jar
     [bootstrap] /usr/lib/jvm/java-7-openjdk-amd64/jre/lib/jfr.jar
     [classpath + loader.0] file:/h/d5/a/dat11sse/Documents/eda216/lab4b/workspace/jackson/jackson-all-1.9.11.jar
     [classpath + loader.0] file:/h/d5/a/dat11sse/Documents/eda216/lab4b/workspace/neo-lib/neo4j-udc-2.0.0-M05.jar
     [bootstrap] /usr/lib/jvm/java-7-openjdk-amd64/jre/lib/rt.jar
     [bootstrap] /usr/lib/jvm/java-7-openjdk-amd64/jre/lib/resources.jar
     [classpath + loader.0] file:/h/d5/a/dat11sse/Documents/eda216/lab4b/workspace/neo-lib/parboiled-core-1.1.6.jar
     [classpath + loader.0] file:/h/d5/a/dat11sse/Documents/eda216/lab4b/workspace/neo-lib/org.apache.servicemix.bundles.jline-0.9.94_1.jar
     [classpath + loader.0] file:/h/d5/a/dat11sse/Documents/eda216/lab4b/workspace/cora/bin/
     [classpath + loader.0] file:/h/d5/a/dat11sse/Documents/eda216/lab4b/workspace/neo-lib/neo4j-lucene-index-2.0.0-M05.jar
     [classpath + loader.0] file:/h/d5/a/dat11sse/Documents/eda216/lab4b/workspace/neo-lib/concurrentlinkedhashmap-lru-1.3.1.jar
     [classpath + loader.0] file:/h/d5/a/dat11sse/Documents/eda216/lab4b/workspace/jersey/jersey-bundle-1.17.1.jar
     [loader.1] file:/usr/lib/jvm/java-7-openjdk-amd64/jre/lib/ext/pulse-java.jar
     [classpath + loader.0] file:/h/d5/a/dat11sse/Documents/eda216/lab4b/workspace/neo-rest-graphdb/neo4j-rest-graphdb-2.0.0-20130719.090126-7.jar
     [loader.1] file:/usr/lib/jvm/java-7-openjdk-amd64/jre/lib/ext/sunjce_provider.jar
     [loader.1] file:/usr/lib/jvm/java-7-openjdk-amd64/jre/lib/ext/localedata.jar
     [classpath + loader.0] file:/h/d5/a/dat11sse/Documents/eda216/lab4b/workspace/neo-lib/neo4j-graph-algo-2.0.0-M05.jar
2015-02-10 09:12:42.287+0000 INFO  [org.neo4j]: Library path:
    /usr/java/packages/lib/amd64
    /usr/lib/x86_64-linux-gnu/jni
    /lib/x86_64-linux-gnu
    /usr/lib/x86_64-linux-gnu
    /usr/lib/jni
    /lib
    /usr/lib
2015-02-10 09:12:42.289+0000 INFO  [org.neo4j]: System.properties:
    sun.boot.library.path = /usr/lib/jvm/java-7-openjdk-amd64/jre/lib/amd64
    user.country.format = SE
    path.separator = :
    file.encoding.pkg = sun.io
    user.country = US
    sun.java.launcher = SUN_STANDARD
    sun.os.patch.level = unknown
    user.dir = /h/d5/a/dat11sse/Documents/eda216/lab4b/workspace/cora
    sun.jnu.encoding = UTF-8
    sun.management.compiler = HotSpot 64-Bit Tiered Compilers
    user.home = /h/d5/a/dat11sse
    user.timezone = Europe/Stockholm
    file.encoding = UTF-8
    user.name = dat11sse
    sun.java.command = nanocora.PrintPaperData
    sun.arch.data.model = 64
    user.language = en
    user.language.format = sv
    awt.toolkit = sun.awt.X11.XToolkit
    file.separator = /
    sun.io.unicode.encoding = UnicodeLittle
    sun.cpu.endian = little
    sun.cpu.isalist = 
2015-02-10 09:12:42.290+0000 INFO  [org.neo4j]: Linux scheduler information:
    noop [deadline] cfq 
    noop [deadline] cfq 
    noop [deadline] cfq 
    noop [deadline] cfq 
    noop [deadline] cfq 
    noop [deadline] cfq 
    noop [deadline] cfq 
    none
    none
    none
    none
    none
    none
    none
    none
    none
    none
    none
    none
    none
    none
    none
    none
    none
    none
    none
    none
    none
    none
    none
    none
2015-02-10 09:12:42.297+0000 INFO  [org.neo4j]: Network information:
    Interface eth0:
        address: fe80:0:0:0:224:81ff:fe95:bda2%2
        address: 130.235.35.223
    Interface lo:
        address: 0:0:0:0:0:0:0:1%1
        address: 127.0.0.1
2015-02-10 09:12:42.300+0000 INFO  [org.neo4j]: --- INITIALIZED diagnostics END ---
2015-02-10 09:12:42.491+0000 INFO  [org.neo4j]: [nanocora.db/neostore.relationshiptypestore.db.names] brickCount=0 brickSize=0b mappedMem=0b (storeSize=216b)
2015-02-10 09:12:42.499+0000 INFO  [org.neo4j]: [nanocora.db/neostore.relationshiptypestore.db] brickCount=0 brickSize=0b mappedMem=0b (storeSize=48b)
2015-02-10 09:12:42.502+0000 INFO  [org.neo4j]: [nanocora.db/neostore.labeltokenstore.db.names] brickCount=0 brickSize=0b mappedMem=0b (storeSize=64b)
2015-02-10 09:12:42.505+0000 INFO  [org.neo4j]: [nanocora.db/neostore.labeltokenstore.db] brickCount=0 brickSize=0b mappedMem=0b (storeSize=22b)
2015-02-10 09:12:42.507+0000 INFO  [org.neo4j]: [nanocora.db/neostore.propertystore.db.strings] brickCount=0 brickSize=419328b mappedMem=419430400b (storeSize=154b)
2015-02-10 09:12:42.510+0000 INFO  [org.neo4j]: [nanocora.db/neostore.propertystore.db.index.keys] brickCount=0 brickSize=0b mappedMem=0b (storeSize=292b)
2015-02-10 09:12:42.513+0000 INFO  [org.neo4j]: [nanocora.db/neostore.propertystore.db.index] brickCount=0 brickSize=0b mappedMem=0b (storeSize=79b)
2015-02-10 09:12:42.516+0000 INFO  [org.neo4j]: [nanocora.db/neostore.propertystore.db.arrays] brickCount=0 brickSize=476032b mappedMem=476053504b (storeSize=153b)
2015-02-10 09:12:42.520+0000 INFO  [org.neo4j]: [nanocora.db/neostore.propertystore.db] brickCount=0 brickSize=493845b mappedMem=493879296b (storeSize=553b)
2015-02-10 09:12:42.523+0000 INFO  [org.neo4j]: [nanocora.db/neostore.relationshipstore.db] brickCount=0 brickSize=605022b mappedMem=605028352b (storeSize=519b)
2015-02-10 09:12:42.526+0000 INFO  [org.neo4j]: [nanocora.db/neostore.nodestore.db.labels] brickCount=0 brickSize=0b mappedMem=0b (storeSize=93b)
2015-02-10 09:12:42.530+0000 INFO  [org.neo4j]: [nanocora.db/neostore.nodestore.db] brickCount=0 brickSize=136304b mappedMem=136314880b (storeSize=212b)
2015-02-10 09:12:42.533+0000 INFO  [org.neo4j]: [nanocora.db/neostore.schemastore.db] brickCount=0 brickSize=0b mappedMem=0b (storeSize=82b)
2015-02-10 09:12:42.536+0000 INFO  [org.neo4j]: [nanocora.db/neostore] brickCount=0 brickSize=0b mappedMem=0b (storeSize=69b)
2015-02-10 09:12:42.792+0000 INFO  [org.neo4j]: Started - database is now available
2015-02-10 09:12:42.793+0000 INFO  [org.neo4j]: GC Monitor started. 
2015-02-10 09:12:42.912+0000 ERROR [org.neo4j]: [nanocora.db/neostore.nodestore.db] Unable to memory map Unable to map pos=0 recordSize=14 totalSize=136304
org.neo4j.kernel.impl.nioneo.store.MappedMemException: Unable to map pos=0 recordSize=14 totalSize=136304
	at org.neo4j.kernel.impl.nioneo.store.MappedPersistenceWindow.<init>(MappedPersistenceWindow.java:61)
	at org.neo4j.kernel.impl.nioneo.store.PersistenceWindowPool.allocateNewWindow(PersistenceWindowPool.java:615)
	at org.neo4j.kernel.impl.nioneo.store.PersistenceWindowPool.expandBricks(PersistenceWindowPool.java:590)
	at org.neo4j.kernel.impl.nioneo.store.PersistenceWindowPool.acquire(PersistenceWindowPool.java:140)
	at org.neo4j.kernel.impl.nioneo.store.CommonAbstractStore.acquireWindow(CommonAbstractStore.java:437)
	at org.neo4j.kernel.impl.nioneo.store.NodeStore.loadLightNode(NodeStore.java:218)
	at org.neo4j.kernel.impl.nioneo.xa.ReadTransaction.nodeLoadLight(ReadTransaction.java:90)
	at org.neo4j.kernel.impl.persistence.PersistenceManager.loadLightNode(PersistenceManager.java:71)
	at org.neo4j.kernel.impl.core.NodeManager$1.loadById(NodeManager.java:105)
	at org.neo4j.kernel.impl.core.NodeManager$1.loadById(NodeManager.java:101)
	at org.neo4j.kernel.impl.cache.LockStripedCache.get(LockStripedCache.java:80)
	at org.neo4j.kernel.impl.core.NodeManager.getLightNode(NodeManager.java:315)
	at org.neo4j.kernel.impl.core.NodeManager.getNodeByIdOrNull(NodeManager.java:299)
	at org.neo4j.kernel.impl.core.NodeManager.getNodeById(NodeManager.java:305)
	at org.neo4j.kernel.InternalAbstractGraphDatabase.getNodeById(InternalAbstractGraphDatabase.java:1013)
	at org.neo4j.index.impl.lucene.LuceneIndex$NodeIndex.getById(LuceneIndex.java:489)
	at org.neo4j.index.impl.lucene.LuceneIndex$NodeIndex.getById(LuceneIndex.java:474)
	at org.neo4j.index.impl.lucene.LuceneIndex$1.underlyingObjectToObject(LuceneIndex.java:345)
	at org.neo4j.index.impl.lucene.LuceneIndex$1.underlyingObjectToObject(LuceneIndex.java:341)
	at org.neo4j.helpers.collection.CatchingIteratorWrapper.fetchNextOrNull(CatchingIteratorWrapper.java:44)
	at org.neo4j.helpers.collection.PrefetchingIterator.hasNext(PrefetchingIterator.java:55)
	at org.neo4j.index.impl.lucene.LuceneIndex$1.hasNext(LuceneIndex.java:358)
	at org.neo4j.helpers.collection.IteratorUtil.single(IteratorUtil.java:332)
	at org.neo4j.helpers.collection.IteratorUtil.singleOrNull(IteratorUtil.java:128)
	at org.neo4j.index.impl.lucene.IdToEntityIterator.getSingle(IdToEntityIterator.java:88)
	at org.neo4j.index.impl.lucene.LuceneIndex$1.getSingle(LuceneIndex.java:372)
	at org.neo4j.index.impl.lucene.LuceneIndex$1.getSingle(LuceneIndex.java:341)
	at nanocora.PrintPaperData.main(PrintPaperData.java:29)
Caused by: java.io.IOException: Channel not open for writing - cannot extend file to required size
	at sun.nio.ch.FileChannelImpl.map(FileChannelImpl.java:852)
	at org.neo4j.kernel.impl.nioneo.store.MappedPersistenceWindow.<init>(MappedPersistenceWindow.java:53)
	... 27 more
2015-02-10 09:12:42.921+0000 ERROR [org.neo4j]: [nanocora.db/neostore.propertystore.db] Unable to memory map Unable to map pos=0 recordSize=41 totalSize=493845
org.neo4j.kernel.impl.nioneo.store.MappedMemException: Unable to map pos=0 recordSize=41 totalSize=493845
	at org.neo4j.kernel.impl.nioneo.store.MappedPersistenceWindow.<init>(MappedPersistenceWindow.java:61)
	at org.neo4j.kernel.impl.nioneo.store.PersistenceWindowPool.allocateNewWindow(PersistenceWindowPool.java:615)
	at org.neo4j.kernel.impl.nioneo.store.PersistenceWindowPool.expandBricks(PersistenceWindowPool.java:590)
	at org.neo4j.kernel.impl.nioneo.store.PersistenceWindowPool.acquire(PersistenceWindowPool.java:140)
	at org.neo4j.kernel.impl.nioneo.store.CommonAbstractStore.acquireWindow(CommonAbstractStore.java:437)
	at org.neo4j.kernel.impl.nioneo.store.PropertyStore.getLightRecord(PropertyStore.java:283)
	at org.neo4j.kernel.impl.nioneo.store.PropertyStore.getPropertyRecordChain(PropertyStore.java:684)
	at org.neo4j.kernel.impl.api.StoreStatementOperations.loadAllPropertiesOf(StoreStatementOperations.java:504)
	at org.neo4j.kernel.impl.api.StoreStatementOperations.nodeGetAllProperties(StoreStatementOperations.java:475)
	at org.neo4j.kernel.impl.api.CachingStatementOperations$2.load(CachingStatementOperations.java:85)
	at org.neo4j.kernel.impl.api.CachingStatementOperations$2.load(CachingStatementOperations.java:81)
	at org.neo4j.kernel.impl.core.Primitive.ensurePropertiesLoaded(Primitive.java:85)
	at org.neo4j.kernel.impl.core.Primitive.getProperty(Primitive.java:65)
	at org.neo4j.kernel.impl.api.PersistenceCache.nodeGetProperty(PersistenceCache.java:158)
	at org.neo4j.kernel.impl.api.CachingStatementOperations.nodeGetProperty(CachingStatementOperations.java:229)
	at org.neo4j.kernel.impl.api.StateHandlingStatementOperations.nodeGetProperty(StateHandlingStatementOperations.java:575)
	at org.neo4j.kernel.api.ReadStatement.nodeGetProperty(ReadStatement.java:163)
	at org.neo4j.kernel.impl.core.NodeProxy.getProperty(NodeProxy.java:327)
	at nanocora.PrintPaperData.main(PrintPaperData.java:30)
Caused by: java.io.IOException: Channel not open for writing - cannot extend file to required size
	at sun.nio.ch.FileChannelImpl.map(FileChannelImpl.java:852)
	at org.neo4j.kernel.impl.nioneo.store.MappedPersistenceWindow.<init>(MappedPersistenceWindow.java:53)
	... 18 more
2015-02-10 09:12:42.948+0000 ERROR [org.neo4j]: [nanocora.db/neostore.relationshipstore.db] Unable to memory map Unable to map pos=0 recordSize=33 totalSize=605022
org.neo4j.kernel.impl.nioneo.store.MappedMemException: Unable to map pos=0 recordSize=33 totalSize=605022
	at org.neo4j.kernel.impl.nioneo.store.MappedPersistenceWindow.<init>(MappedPersistenceWindow.java:61)
	at org.neo4j.kernel.impl.nioneo.store.PersistenceWindowPool.allocateNewWindow(PersistenceWindowPool.java:615)
	at org.neo4j.kernel.impl.nioneo.store.PersistenceWindowPool.expandBricks(PersistenceWindowPool.java:590)
	at org.neo4j.kernel.impl.nioneo.store.PersistenceWindowPool.acquire(PersistenceWindowPool.java:140)
	at org.neo4j.kernel.impl.nioneo.store.CommonAbstractStore.acquireWindow(CommonAbstractStore.java:437)
	at org.neo4j.kernel.impl.nioneo.store.RelationshipStore.getChainRecord(RelationshipStore.java:325)
	at org.neo4j.kernel.impl.nioneo.xa.ReadTransaction.getMoreRelationships(ReadTransaction.java:125)
	at org.neo4j.kernel.impl.nioneo.xa.ReadTransaction.getMoreRelationships(ReadTransaction.java:109)
	at org.neo4j.kernel.impl.persistence.PersistenceManager.getMoreRelationships(PersistenceManager.java:136)
	at org.neo4j.kernel.impl.core.NodeManager.getMoreRelationships(NodeManager.java:617)
	at org.neo4j.kernel.impl.core.NodeImpl.loadMoreRelationshipsFromNodeManager(NodeImpl.java:555)
	at org.neo4j.kernel.impl.core.NodeImpl.getMoreRelationships(NodeImpl.java:444)
	at org.neo4j.kernel.impl.core.NodeImpl.loadInitialRelationships(NodeImpl.java:372)
	at org.neo4j.kernel.impl.core.NodeImpl.ensureRelationshipMapNotNull(NodeImpl.java:350)
	at org.neo4j.kernel.impl.core.NodeImpl.getAllRelationshipsOfType(NodeImpl.java:215)
	at org.neo4j.kernel.impl.core.NodeImpl.getRelationships(NodeImpl.java:297)
	at org.neo4j.kernel.impl.core.NodeProxy.getRelationships(NodeProxy.java:148)
	at nanocora.PrintPaperData.main(PrintPaperData.java:32)
Caused by: java.io.IOException: Channel not open for writing - cannot extend file to required size
	at sun.nio.ch.FileChannelImpl.map(FileChannelImpl.java:852)
	at org.neo4j.kernel.impl.nioneo.store.MappedPersistenceWindow.<init>(MappedPersistenceWindow.java:53)
	... 17 more
2015-02-10 09:12:42.963+0000 INFO  [org.neo4j]: Shutdown started
2015-02-10 09:12:42.963+0000 INFO  [org.neo4j]: Stopping - database is now unavailable
2015-02-10 09:12:42.964+0000 INFO  [org.neo4j]: GC Monitor stopped. 
2015-02-10 09:12:42.980+0000 INFO  [org.neo4j]: nanocora.db/neostore.relationshiptypestore.db.names hit=0 miss=8 switches=0 ooe=0
2015-02-10 09:12:42.980+0000 INFO  [org.neo4j]: nanocora.db/neostore.relationshiptypestore.db hit=0 miss=9 switches=0 ooe=0
2015-02-10 09:12:42.981+0000 INFO  [org.neo4j]: nanocora.db/neostore.labeltokenstore.db.names hit=0 miss=0 switches=0 ooe=0
2015-02-10 09:12:42.981+0000 INFO  [org.neo4j]: nanocora.db/neostore.labeltokenstore.db hit=0 miss=4 switches=0 ooe=0
2015-02-10 09:12:42.982+0000 INFO  [org.neo4j]: nanocora.db/neostore.propertystore.db.strings hit=0 miss=0 switches=0 ooe=0
2015-02-10 09:12:42.983+0000 INFO  [org.neo4j]: nanocora.db/neostore.propertystore.db.index.keys hit=0 miss=12 switches=0 ooe=0
2015-02-10 09:12:42.983+0000 INFO  [org.neo4j]: nanocora.db/neostore.propertystore.db.index hit=0 miss=8 switches=0 ooe=0
2015-02-10 09:12:42.984+0000 INFO  [org.neo4j]: nanocora.db/neostore.propertystore.db.arrays hit=0 miss=0 switches=0 ooe=0
2015-02-10 09:12:42.984+0000 INFO  [org.neo4j]: nanocora.db/neostore.propertystore.db hit=0 miss=4 switches=0 ooe=1
2015-02-10 09:12:42.985+0000 INFO  [org.neo4j]: nanocora.db/neostore.relationshipstore.db hit=0 miss=12 switches=0 ooe=1
2015-02-10 09:12:42.985+0000 INFO  [org.neo4j]: nanocora.db/neostore.nodestore.db.labels hit=0 miss=0 switches=0 ooe=0
2015-02-10 09:12:42.986+0000 INFO  [org.neo4j]: nanocora.db/neostore.nodestore.db hit=0 miss=9 switches=0 ooe=1
2015-02-10 09:12:42.986+0000 INFO  [org.neo4j]: nanocora.db/neostore.schemastore.db hit=0 miss=0 switches=0 ooe=0
2015-02-10 09:12:42.987+0000 INFO  [org.neo4j]: nanocora.db/neostore hit=0 miss=6 switches=0 ooe=0
2015-02-10 09:12:42.987+0000 INFO  [org.neo4j]: NeoStore closed
2015-02-10 09:12:42.987+0000 INFO  [org.neo4j]: --- STOPPING diagnostics START ---
2015-02-10 09:12:42.988+0000 INFO  [org.neo4j]: --- STOPPING diagnostics END ---
2015-02-10 09:21:21.662+0000 INFO  [org.neo4j]: WARNING! You are using an unsupported Java runtime. Please use Oracle(R) Java(TM) Runtime Environment 7.
2015-02-10 09:21:21.776+0000 INFO  [org.neo4j]: --- INITIALIZED diagnostics START ---
2015-02-10 09:21:21.777+0000 INFO  [org.neo4j]: Neo4j Kernel properties:
    neostore.propertystore.db.mapped_memory=471M
    read_only=true
    neostore.nodestore.db.mapped_memory=130M
    neostore.relationshipstore.db.mapped_memory=577M
    neostore.propertystore.db.strings.mapped_memory=400M
    store_dir=nanocora.db
    neostore.propertystore.db.arrays.mapped_memory=454M
    ephemeral=false
2015-02-10 09:21:21.784+0000 INFO  [org.neo4j]: Diagnostics providers:
    org.neo4j.kernel.configuration.Config
    org.neo4j.kernel.info.DiagnosticsManager
    SYSTEM_MEMORY
    JAVA_MEMORY
    OPERATING_SYSTEM
    JAVA_VIRTUAL_MACHINE
    CLASSPATH
    LIBRARY_PATH
    SYSTEM_PROPERTIES
    LINUX_SCHEDULERS
    NETWORK
2015-02-10 09:21:21.786+0000 INFO  [org.neo4j]: System memory information:
    Total Physical memory: 5,69 GB
    Free Physical memory: 2,10 GB
    Committed virtual memory: 2,48 GB
    Total swap space: 5,00 GB
    Free swap space: 5,00 GB
2015-02-10 09:21:21.793+0000 INFO  [org.neo4j]: JVM memory information:
    Free  memory: 75,18 MB
    Total memory: 87,50 MB
    Max   memory: 1,27 GB
    Garbage Collector: PS Scavenge: [PS Eden Space, PS Survivor Space]
    Garbage Collector: PS MarkSweep: [PS Eden Space, PS Survivor Space, PS Old Gen, PS Perm Gen]
    Memory Pool: Code Cache (Non-heap memory): committed=2,44 MB, used=450,44 kB, max=48,00 MB, threshold=0,00 B
    Memory Pool: PS Eden Space (Heap memory): committed=23,50 MB, used=12,32 MB, max=479,00 MB, threshold=?
    Memory Pool: PS Survivor Space (Heap memory): committed=3,50 MB, used=0,00 B, max=3,50 MB, threshold=?
    Memory Pool: PS Old Gen (Heap memory): committed=60,50 MB, used=0,00 B, max=972,00 MB, threshold=0,00 B
    Memory Pool: PS Perm Gen (Non-heap memory): committed=21,00 MB, used=6,48 MB, max=166,00 MB, threshold=0,00 B
2015-02-10 09:21:21.800+0000 INFO  [org.neo4j]: Operating system information:
    Operating System: Linux; version: 3.13.0-34-generic; arch: amd64; cpus: 2
    Max number of file descriptors: 4096
    Number of open file descriptors: 31
    Process id: 31610@jupiter-3
    Byte order: LITTLE_ENDIAN
    Local timezone: Europe/Stockholm
2015-02-10 09:21:21.809+0000 INFO  [org.neo4j]: JVM information:
    VM Name: OpenJDK 64-Bit Server VM
    VM Vendor: Oracle Corporation
    VM Version: 24.65-b04
    JIT compiler: HotSpot 64-Bit Tiered Compilers
    VM Arguments: [-Dfile.encoding=UTF-8]
2015-02-10 09:21:21.811+0000 INFO  [org.neo4j]: Java classpath:
     [loader.1] file:/usr/lib/jvm/java-7-openjdk-amd64/jre/lib/ext/libatk-wrapper.so
     [classpath + loader.0] file:/h/d5/a/dat11sse/Documents/eda216/lab4b/workspace/neo-lib/neo4j-cypher-2.0.0-M05.jar
     [bootstrap] /usr/lib/jvm/java-7-openjdk-amd64/jre/lib/jce.jar
     [loader.1] file:/usr/lib/jvm/java-7-openjdk-amd64/jre/lib/ext/dnsns.jar
     [bootstrap] /usr/lib/jvm/java-7-openjdk-amd64/jre/lib/charsets.jar
     [classpath + loader.0] file:/h/d5/a/dat11sse/Documents/eda216/lab4b/workspace/neo-lib/server-api-2.0.0-M05.jar
     [classpath + loader.0] file:/h/d5/a/dat11sse/Documents/eda216/lab4b/workspace/neo-lib/geronimo-jta_1.1_spec-1.1.1.jar
     [classpath + loader.0] file:/h/d5/a/dat11sse/Documents/eda216/lab4b/workspace/neo-lib/neo4j-jmx-2.0.0-M05.jar
     [bootstrap] /usr/lib/jvm/java-7-openjdk-amd64/jre/lib/jsse.jar
     [bootstrap] /usr/lib/jvm/java-7-openjdk-amd64/jre/lib/sunrsasign.jar
     [bootstrap] /usr/lib/jvm/java-7-openjdk-amd64/jre/lib/rhino.jar
     [loader.1] file:/usr/lib/jvm/java-7-openjdk-amd64/jre/lib/ext/zipfs.jar
     [loader.1] file:/usr/lib/jvm/java-7-openjdk-amd64/jre/lib/ext/sunpkcs11.jar
     [classpath + loader.0] file:/h/d5/a/dat11sse/Documents/eda216/lab4b/workspace/neo-lib/parboiled-scala_2.10-1.1.6.jar
     [loader.1] file:/usr/lib/jvm/java-7-openjdk-amd64/jre/lib/ext/java-atk-wrapper.jar
     [classpath + loader.0] file:/h/d5/a/dat11sse/Documents/eda216/lab4b/workspace/neo-lib/scala-library-2.10.2.jar
     [classpath + loader.0] file:/h/d5/a/dat11sse/Documents/eda216/lab4b/workspace/neo-lib/neo4j-kernel-2.0.0-M05.jar
     [classpath + loader.0] file:/h/d5/a/dat11sse/Documents/eda216/lab4b/workspace/neo-lib/neo4j-shell-2.0.0-M05.jar
     [bootstrap] /usr/lib/jvm/java-7-openjdk-amd64/jre/classes
     [classpath + loader.0] file:/h/d5/a/dat11sse/Documents/eda216/lab4b/workspace/neo-lib/lucene-core-3.6.2.jar
     [classpath + loader.0] file:/h/d5/a/dat11sse/Documents/eda216/lab4b/workspace/neo-lib/neo4j-graph-matching-2.0.0-M05.jar
     [bootstrap] /usr/lib/jvm/java-7-openjdk-amd64/jre/lib/jfr.jar
     [classpath + loader.0] file:/h/d5/a/dat11sse/Documents/eda216/lab4b/workspace/jackson/jackson-all-1.9.11.jar
     [classpath + loader.0] file:/h/d5/a/dat11sse/Documents/eda216/lab4b/workspace/neo-lib/neo4j-udc-2.0.0-M05.jar
     [bootstrap] /usr/lib/jvm/java-7-openjdk-amd64/jre/lib/rt.jar
     [bootstrap] /usr/lib/jvm/java-7-openjdk-amd64/jre/lib/resources.jar
     [classpath + loader.0] file:/h/d5/a/dat11sse/Documents/eda216/lab4b/workspace/neo-lib/parboiled-core-1.1.6.jar
     [classpath + loader.0] file:/h/d5/a/dat11sse/Documents/eda216/lab4b/workspace/neo-lib/org.apache.servicemix.bundles.jline-0.9.94_1.jar
     [classpath + loader.0] file:/h/d5/a/dat11sse/Documents/eda216/lab4b/workspace/cora/bin/
     [classpath + loader.0] file:/h/d5/a/dat11sse/Documents/eda216/lab4b/workspace/neo-lib/neo4j-lucene-index-2.0.0-M05.jar
     [classpath + loader.0] file:/h/d5/a/dat11sse/Documents/eda216/lab4b/workspace/neo-lib/concurrentlinkedhashmap-lru-1.3.1.jar
     [classpath + loader.0] file:/h/d5/a/dat11sse/Documents/eda216/lab4b/workspace/jersey/jersey-bundle-1.17.1.jar
     [loader.1] file:/usr/lib/jvm/java-7-openjdk-amd64/jre/lib/ext/pulse-java.jar
     [classpath + loader.0] file:/h/d5/a/dat11sse/Documents/eda216/lab4b/workspace/neo-rest-graphdb/neo4j-rest-graphdb-2.0.0-20130719.090126-7.jar
     [loader.1] file:/usr/lib/jvm/java-7-openjdk-amd64/jre/lib/ext/sunjce_provider.jar
     [loader.1] file:/usr/lib/jvm/java-7-openjdk-amd64/jre/lib/ext/localedata.jar
     [classpath + loader.0] file:/h/d5/a/dat11sse/Documents/eda216/lab4b/workspace/neo-lib/neo4j-graph-algo-2.0.0-M05.jar
2015-02-10 09:21:21.817+0000 INFO  [org.neo4j]: Library path:
    /usr/java/packages/lib/amd64
    /usr/lib/x86_64-linux-gnu/jni
    /lib/x86_64-linux-gnu
    /usr/lib/x86_64-linux-gnu
    /usr/lib/jni
    /lib
    /usr/lib
2015-02-10 09:21:21.818+0000 INFO  [org.neo4j]: System.properties:
    sun.boot.library.path = /usr/lib/jvm/java-7-openjdk-amd64/jre/lib/amd64
    user.country.format = SE
    path.separator = :
    file.encoding.pkg = sun.io
    user.country = US
    sun.java.launcher = SUN_STANDARD
    sun.os.patch.level = unknown
    user.dir = /h/d5/a/dat11sse/Documents/eda216/lab4b/workspace/cora
    sun.jnu.encoding = UTF-8
    sun.management.compiler = HotSpot 64-Bit Tiered Compilers
    user.home = /h/d5/a/dat11sse
    user.timezone = Europe/Stockholm
    file.encoding = UTF-8
    user.name = dat11sse
    sun.java.command = nanocora.PrintPaperAuthors
    sun.arch.data.model = 64
    user.language = en
    user.language.format = sv
    awt.toolkit = sun.awt.X11.XToolkit
    file.separator = /
    sun.io.unicode.encoding = UnicodeLittle
    sun.cpu.endian = little
    sun.cpu.isalist = 
2015-02-10 09:21:21.820+0000 INFO  [org.neo4j]: Linux scheduler information:
    noop [deadline] cfq 
    noop [deadline] cfq 
    noop [deadline] cfq 
    noop [deadline] cfq 
    noop [deadline] cfq 
    noop [deadline] cfq 
    noop [deadline] cfq 
    none
    none
    none
    none
    none
    none
    none
    none
    none
    none
    none
    none
    none
    none
    none
    none
    none
    none
    none
    none
    none
    none
    none
    none
2015-02-10 09:21:21.828+0000 INFO  [org.neo4j]: Network information:
    Interface eth0:
        address: fe80:0:0:0:224:81ff:fe95:bda2%2
        address: 130.235.35.223
    Interface lo:
        address: 0:0:0:0:0:0:0:1%1
        address: 127.0.0.1
2015-02-10 09:21:21.831+0000 INFO  [org.neo4j]: --- INITIALIZED diagnostics END ---
2015-02-10 09:21:22.049+0000 INFO  [org.neo4j]: [nanocora.db/neostore.relationshiptypestore.db.names] brickCount=0 brickSize=0b mappedMem=0b (storeSize=216b)
2015-02-10 09:21:22.056+0000 INFO  [org.neo4j]: [nanocora.db/neostore.relationshiptypestore.db] brickCount=0 brickSize=0b mappedMem=0b (storeSize=48b)
2015-02-10 09:21:22.057+0000 INFO  [org.neo4j]: [nanocora.db/neostore.labeltokenstore.db.names] brickCount=0 brickSize=0b mappedMem=0b (storeSize=64b)
2015-02-10 09:21:22.060+0000 INFO  [org.neo4j]: [nanocora.db/neostore.labeltokenstore.db] brickCount=0 brickSize=0b mappedMem=0b (storeSize=22b)
2015-02-10 09:21:22.061+0000 INFO  [org.neo4j]: [nanocora.db/neostore.propertystore.db.strings] brickCount=0 brickSize=419328b mappedMem=419430400b (storeSize=154b)
2015-02-10 09:21:22.062+0000 INFO  [org.neo4j]: [nanocora.db/neostore.propertystore.db.index.keys] brickCount=0 brickSize=0b mappedMem=0b (storeSize=292b)
2015-02-10 09:21:22.065+0000 INFO  [org.neo4j]: [nanocora.db/neostore.propertystore.db.index] brickCount=0 brickSize=0b mappedMem=0b (storeSize=79b)
2015-02-10 09:21:22.068+0000 INFO  [org.neo4j]: [nanocora.db/neostore.propertystore.db.arrays] brickCount=0 brickSize=476032b mappedMem=476053504b (storeSize=153b)
2015-02-10 09:21:22.072+0000 INFO  [org.neo4j]: [nanocora.db/neostore.propertystore.db] brickCount=0 brickSize=493845b mappedMem=493879296b (storeSize=553b)
2015-02-10 09:21:22.075+0000 INFO  [org.neo4j]: [nanocora.db/neostore.relationshipstore.db] brickCount=0 brickSize=605022b mappedMem=605028352b (storeSize=519b)
2015-02-10 09:21:22.077+0000 INFO  [org.neo4j]: [nanocora.db/neostore.nodestore.db.labels] brickCount=0 brickSize=0b mappedMem=0b (storeSize=93b)
2015-02-10 09:21:22.080+0000 INFO  [org.neo4j]: [nanocora.db/neostore.nodestore.db] brickCount=0 brickSize=136304b mappedMem=136314880b (storeSize=212b)
2015-02-10 09:21:22.084+0000 INFO  [org.neo4j]: [nanocora.db/neostore.schemastore.db] brickCount=0 brickSize=0b mappedMem=0b (storeSize=82b)
2015-02-10 09:21:22.085+0000 INFO  [org.neo4j]: [nanocora.db/neostore] brickCount=0 brickSize=0b mappedMem=0b (storeSize=69b)
2015-02-10 09:21:22.354+0000 INFO  [org.neo4j]: Started - database is now available
2015-02-10 09:21:22.354+0000 INFO  [org.neo4j]: GC Monitor started. 
2015-02-10 09:21:22.495+0000 ERROR [org.neo4j]: [nanocora.db/neostore.nodestore.db] Unable to memory map Unable to map pos=0 recordSize=14 totalSize=136304
org.neo4j.kernel.impl.nioneo.store.MappedMemException: Unable to map pos=0 recordSize=14 totalSize=136304
	at org.neo4j.kernel.impl.nioneo.store.MappedPersistenceWindow.<init>(MappedPersistenceWindow.java:61)
	at org.neo4j.kernel.impl.nioneo.store.PersistenceWindowPool.allocateNewWindow(PersistenceWindowPool.java:615)
	at org.neo4j.kernel.impl.nioneo.store.PersistenceWindowPool.expandBricks(PersistenceWindowPool.java:590)
	at org.neo4j.kernel.impl.nioneo.store.PersistenceWindowPool.acquire(PersistenceWindowPool.java:140)
	at org.neo4j.kernel.impl.nioneo.store.CommonAbstractStore.acquireWindow(CommonAbstractStore.java:437)
	at org.neo4j.kernel.impl.nioneo.store.NodeStore.loadLightNode(NodeStore.java:218)
	at org.neo4j.kernel.impl.nioneo.xa.ReadTransaction.nodeLoadLight(ReadTransaction.java:90)
	at org.neo4j.kernel.impl.persistence.PersistenceManager.loadLightNode(PersistenceManager.java:71)
	at org.neo4j.kernel.impl.core.NodeManager$1.loadById(NodeManager.java:105)
	at org.neo4j.kernel.impl.core.NodeManager$1.loadById(NodeManager.java:101)
	at org.neo4j.kernel.impl.cache.LockStripedCache.get(LockStripedCache.java:80)
	at org.neo4j.kernel.impl.core.NodeManager.getLightNode(NodeManager.java:315)
	at org.neo4j.kernel.impl.core.NodeManager.getNodeByIdOrNull(NodeManager.java:299)
	at org.neo4j.kernel.impl.core.NodeManager.getNodeById(NodeManager.java:305)
	at org.neo4j.kernel.InternalAbstractGraphDatabase.getNodeById(InternalAbstractGraphDatabase.java:1013)
	at org.neo4j.index.impl.lucene.LuceneIndex$NodeIndex.getById(LuceneIndex.java:489)
	at org.neo4j.index.impl.lucene.LuceneIndex$NodeIndex.getById(LuceneIndex.java:474)
	at org.neo4j.index.impl.lucene.LuceneIndex$1.underlyingObjectToObject(LuceneIndex.java:345)
	at org.neo4j.index.impl.lucene.LuceneIndex$1.underlyingObjectToObject(LuceneIndex.java:341)
	at org.neo4j.helpers.collection.CatchingIteratorWrapper.fetchNextOrNull(CatchingIteratorWrapper.java:44)
	at org.neo4j.helpers.collection.PrefetchingIterator.hasNext(PrefetchingIterator.java:55)
	at org.neo4j.index.impl.lucene.LuceneIndex$1.hasNext(LuceneIndex.java:358)
	at nanocora.PrintPaperAuthors.main(PrintPaperAuthors.java:27)
Caused by: java.io.IOException: Channel not open for writing - cannot extend file to required size
	at sun.nio.ch.FileChannelImpl.map(FileChannelImpl.java:852)
	at org.neo4j.kernel.impl.nioneo.store.MappedPersistenceWindow.<init>(MappedPersistenceWindow.java:53)
	... 22 more
2015-02-10 09:21:22.504+0000 ERROR [org.neo4j]: [nanocora.db/neostore.propertystore.db] Unable to memory map Unable to map pos=0 recordSize=41 totalSize=493845
org.neo4j.kernel.impl.nioneo.store.MappedMemException: Unable to map pos=0 recordSize=41 totalSize=493845
	at org.neo4j.kernel.impl.nioneo.store.MappedPersistenceWindow.<init>(MappedPersistenceWindow.java:61)
	at org.neo4j.kernel.impl.nioneo.store.PersistenceWindowPool.allocateNewWindow(PersistenceWindowPool.java:615)
	at org.neo4j.kernel.impl.nioneo.store.PersistenceWindowPool.expandBricks(PersistenceWindowPool.java:590)
	at org.neo4j.kernel.impl.nioneo.store.PersistenceWindowPool.acquire(PersistenceWindowPool.java:140)
	at org.neo4j.kernel.impl.nioneo.store.CommonAbstractStore.acquireWindow(CommonAbstractStore.java:437)
	at org.neo4j.kernel.impl.nioneo.store.PropertyStore.getLightRecord(PropertyStore.java:283)
	at org.neo4j.kernel.impl.nioneo.store.PropertyStore.getPropertyRecordChain(PropertyStore.java:684)
	at org.neo4j.kernel.impl.api.StoreStatementOperations.loadAllPropertiesOf(StoreStatementOperations.java:504)
	at org.neo4j.kernel.impl.api.StoreStatementOperations.nodeGetAllProperties(StoreStatementOperations.java:475)
	at org.neo4j.kernel.impl.api.CachingStatementOperations$2.load(CachingStatementOperations.java:85)
	at org.neo4j.kernel.impl.api.CachingStatementOperations$2.load(CachingStatementOperations.java:81)
	at org.neo4j.kernel.impl.core.Primitive.ensurePropertiesLoaded(Primitive.java:85)
	at org.neo4j.kernel.impl.core.Primitive.getProperty(Primitive.java:65)
	at org.neo4j.kernel.impl.api.PersistenceCache.nodeGetProperty(PersistenceCache.java:158)
	at org.neo4j.kernel.impl.api.CachingStatementOperations.nodeGetProperty(CachingStatementOperations.java:229)
	at org.neo4j.kernel.impl.api.StateHandlingStatementOperations.nodeGetProperty(StateHandlingStatementOperations.java:575)
	at org.neo4j.kernel.api.ReadStatement.nodeGetProperty(ReadStatement.java:163)
	at org.neo4j.kernel.impl.core.NodeProxy.getProperty(NodeProxy.java:327)
	at nanocora.PrintPaperAuthors.main(PrintPaperAuthors.java:28)
Caused by: java.io.IOException: Channel not open for writing - cannot extend file to required size
	at sun.nio.ch.FileChannelImpl.map(FileChannelImpl.java:852)
	at org.neo4j.kernel.impl.nioneo.store.MappedPersistenceWindow.<init>(MappedPersistenceWindow.java:53)
	... 18 more
2015-02-10 09:21:22.533+0000 ERROR [org.neo4j]: [nanocora.db/neostore.relationshipstore.db] Unable to memory map Unable to map pos=0 recordSize=33 totalSize=605022
org.neo4j.kernel.impl.nioneo.store.MappedMemException: Unable to map pos=0 recordSize=33 totalSize=605022
	at org.neo4j.kernel.impl.nioneo.store.MappedPersistenceWindow.<init>(MappedPersistenceWindow.java:61)
	at org.neo4j.kernel.impl.nioneo.store.PersistenceWindowPool.allocateNewWindow(PersistenceWindowPool.java:615)
	at org.neo4j.kernel.impl.nioneo.store.PersistenceWindowPool.expandBricks(PersistenceWindowPool.java:590)
	at org.neo4j.kernel.impl.nioneo.store.PersistenceWindowPool.acquire(PersistenceWindowPool.java:140)
	at org.neo4j.kernel.impl.nioneo.store.CommonAbstractStore.acquireWindow(CommonAbstractStore.java:437)
	at org.neo4j.kernel.impl.nioneo.store.RelationshipStore.getChainRecord(RelationshipStore.java:325)
	at org.neo4j.kernel.impl.nioneo.xa.ReadTransaction.getMoreRelationships(ReadTransaction.java:125)
	at org.neo4j.kernel.impl.nioneo.xa.ReadTransaction.getMoreRelationships(ReadTransaction.java:109)
	at org.neo4j.kernel.impl.persistence.PersistenceManager.getMoreRelationships(PersistenceManager.java:136)
	at org.neo4j.kernel.impl.core.NodeManager.getMoreRelationships(NodeManager.java:617)
	at org.neo4j.kernel.impl.core.NodeImpl.loadMoreRelationshipsFromNodeManager(NodeImpl.java:555)
	at org.neo4j.kernel.impl.core.NodeImpl.getMoreRelationships(NodeImpl.java:444)
	at org.neo4j.kernel.impl.core.NodeImpl.loadInitialRelationships(NodeImpl.java:372)
	at org.neo4j.kernel.impl.core.NodeImpl.ensureRelationshipMapNotNull(NodeImpl.java:350)
	at org.neo4j.kernel.impl.core.NodeImpl.getAllRelationshipsOfType(NodeImpl.java:215)
	at org.neo4j.kernel.impl.core.NodeImpl.getRelationships(NodeImpl.java:297)
	at org.neo4j.kernel.impl.core.NodeProxy.getRelationships(NodeProxy.java:148)
	at nanocora.PrintPaperAuthors.main(PrintPaperAuthors.java:31)
Caused by: java.io.IOException: Channel not open for writing - cannot extend file to required size
	at sun.nio.ch.FileChannelImpl.map(FileChannelImpl.java:852)
	at org.neo4j.kernel.impl.nioneo.store.MappedPersistenceWindow.<init>(MappedPersistenceWindow.java:53)
	... 17 more
2015-02-10 09:21:22.551+0000 INFO  [org.neo4j]: Shutdown started
2015-02-10 09:21:22.552+0000 INFO  [org.neo4j]: Stopping - database is now unavailable
2015-02-10 09:21:22.553+0000 INFO  [org.neo4j]: GC Monitor stopped. 
2015-02-10 09:21:22.569+0000 INFO  [org.neo4j]: nanocora.db/neostore.relationshiptypestore.db.names hit=0 miss=8 switches=0 ooe=0
2015-02-10 09:21:22.569+0000 INFO  [org.neo4j]: nanocora.db/neostore.relationshiptypestore.db hit=0 miss=9 switches=0 ooe=0
2015-02-10 09:21:22.569+0000 INFO  [org.neo4j]: nanocora.db/neostore.labeltokenstore.db.names hit=0 miss=0 switches=0 ooe=0
2015-02-10 09:21:22.570+0000 INFO  [org.neo4j]: nanocora.db/neostore.labeltokenstore.db hit=0 miss=4 switches=0 ooe=0
2015-02-10 09:21:22.570+0000 INFO  [org.neo4j]: nanocora.db/neostore.propertystore.db.strings hit=0 miss=0 switches=0 ooe=0
2015-02-10 09:21:22.571+0000 INFO  [org.neo4j]: nanocora.db/neostore.propertystore.db.index.keys hit=0 miss=12 switches=0 ooe=0
2015-02-10 09:21:22.571+0000 INFO  [org.neo4j]: nanocora.db/neostore.propertystore.db.index hit=0 miss=8 switches=0 ooe=0
2015-02-10 09:21:22.572+0000 INFO  [org.neo4j]: nanocora.db/neostore.propertystore.db.arrays hit=0 miss=0 switches=0 ooe=0
2015-02-10 09:21:22.572+0000 INFO  [org.neo4j]: nanocora.db/neostore.propertystore.db hit=0 miss=11 switches=0 ooe=1
2015-02-10 09:21:22.573+0000 INFO  [org.neo4j]: nanocora.db/neostore.relationshipstore.db hit=0 miss=31 switches=0 ooe=1
2015-02-10 09:21:22.573+0000 INFO  [org.neo4j]: nanocora.db/neostore.nodestore.db.labels hit=0 miss=0 switches=0 ooe=0
2015-02-10 09:21:22.573+0000 INFO  [org.neo4j]: nanocora.db/neostore.nodestore.db hit=0 miss=27 switches=0 ooe=1
2015-02-10 09:21:22.574+0000 INFO  [org.neo4j]: nanocora.db/neostore.schemastore.db hit=0 miss=0 switches=0 ooe=0
2015-02-10 09:21:22.574+0000 INFO  [org.neo4j]: nanocora.db/neostore hit=0 miss=6 switches=0 ooe=0
2015-02-10 09:21:22.574+0000 INFO  [org.neo4j]: NeoStore closed
2015-02-10 09:21:22.575+0000 INFO  [org.neo4j]: --- STOPPING diagnostics START ---
2015-02-10 09:21:22.575+0000 INFO  [org.neo4j]: --- STOPPING diagnostics END ---
